<?xml version="1.0" encoding="UTF-8"?>
<robot generator="Robot 4.1.3 (Python 3.9.12 on win32)" generated="20230223 15:04:46.289" rpa="false" schemaversion="2">
<suite id="s1" name="TestCases" source="C:\Users\AdamRadziak\PycharmProjects\RobotFrameworkLearn\TestCases">
<kw name="Before each test suite" type="SETUP">
<kw name="Log" library="BuiltIn">
<arg>Test suite started</arg>
<doc>Logs the given message with the given level.</doc>
<msg timestamp="20230223 15:04:46.315" level="INFO">Test suite started</msg>
<status status="PASS" starttime="20230223 15:04:46.315" endtime="20230223 15:04:46.315"/>
</kw>
<status status="PASS" starttime="20230223 15:04:46.314" endtime="20230223 15:04:46.315"/>
</kw>
<suite id="s1-s1" name="LoginTC" source="C:\Users\AdamRadziak\PycharmProjects\RobotFrameworkLearn\TestCases\LoginTC">
<kw name="Before each test suite" type="SETUP">
<kw name="Log" library="BuiltIn">
<arg>Test suite started</arg>
<doc>Logs the given message with the given level.</doc>
<msg timestamp="20230223 15:04:46.318" level="INFO">Test suite started</msg>
<status status="PASS" starttime="20230223 15:04:46.318" endtime="20230223 15:04:46.318"/>
</kw>
<status status="PASS" starttime="20230223 15:04:46.317" endtime="20230223 15:04:46.318"/>
</kw>
<suite id="s1-s1-s1" name="TC 001" source="C:\Users\AdamRadziak\PycharmProjects\RobotFrameworkLearn\TestCases\LoginTC\TC_001.robot">
<test id="s1-s1-s1-t1" name="TC_001_1 test case with setup and teardown">
<kw name="Open browser and maximize window" library="Resource1" type="SETUP">
<kw name="Open Browser" library="SeleniumLibrary">
<arg>${URL}</arg>
<arg>${Browser}</arg>
<doc>Opens a new browser instance to the optional ``url``.</doc>
<msg timestamp="20230223 15:04:46.655" level="INFO">Opening browser 'Chrome' to base url 'http://www.thetestingworld.com/testings'.</msg>
<status status="PASS" starttime="20230223 15:04:46.655" endtime="20230223 15:04:49.168"/>
</kw>
<kw name="Maximize Browser Window" library="SeleniumLibrary">
<doc>Maximizes current browser window.</doc>
<status status="PASS" starttime="20230223 15:04:49.169" endtime="20230223 15:04:49.283"/>
</kw>
<status status="PASS" starttime="20230223 15:04:46.654" endtime="20230223 15:04:49.283"/>
</kw>
<kw name="Enter Userdata" library="Resource1">
<arg>Adam</arg>
<arg>adam.radziak@gmail.com</arg>
<arg>costam</arg>
<kw name="Input Text" library="SeleniumLibrary">
<arg>name:fld_username</arg>
<arg>${username}</arg>
<doc>Types the given ``text`` into the text field identified by ``locator``.</doc>
<msg timestamp="20230223 15:04:49.285" level="INFO">Typing text 'Adam' into text field 'name:fld_username'.</msg>
<status status="PASS" starttime="20230223 15:04:49.284" endtime="20230223 15:04:49.384"/>
</kw>
<kw name="Input Text" library="SeleniumLibrary">
<arg>name:fld_email</arg>
<arg>${email}</arg>
<doc>Types the given ``text`` into the text field identified by ``locator``.</doc>
<msg timestamp="20230223 15:04:49.384" level="INFO">Typing text 'adam.radziak@gmail.com' into text field 'name:fld_email'.</msg>
<status status="PASS" starttime="20230223 15:04:49.384" endtime="20230223 15:04:49.472"/>
</kw>
<kw name="Input Text" library="SeleniumLibrary">
<arg>name:fld_password</arg>
<arg>${password}</arg>
<doc>Types the given ``text`` into the text field identified by ``locator``.</doc>
<msg timestamp="20230223 15:04:49.473" level="INFO">Typing text 'costam' into text field 'name:fld_password'.</msg>
<status status="PASS" starttime="20230223 15:04:49.472" endtime="20230223 15:04:49.550"/>
</kw>
<status status="PASS" starttime="20230223 15:04:49.284" endtime="20230223 15:04:49.550"/>
</kw>
<kw name="Close browser window" library="Resource1" type="TEARDOWN">
<kw name="Get Title" library="SeleniumLibrary">
<var>${Title}</var>
<doc>Returns the title of the current page.</doc>
<msg timestamp="20230223 15:04:49.555" level="INFO">${Title} = Login &amp; Sign Up Forms</msg>
<status status="PASS" starttime="20230223 15:04:49.551" endtime="20230223 15:04:49.555"/>
</kw>
<kw name="Log" library="BuiltIn">
<arg>${Title}</arg>
<doc>Logs the given message with the given level.</doc>
<msg timestamp="20230223 15:04:49.556" level="INFO">Login &amp; Sign Up Forms</msg>
<status status="PASS" starttime="20230223 15:04:49.555" endtime="20230223 15:04:49.556"/>
</kw>
<kw name="Close Browser" library="SeleniumLibrary">
<doc>Closes the current browser.</doc>
<status status="PASS" starttime="20230223 15:04:49.556" endtime="20230223 15:04:51.687"/>
</kw>
<status status="PASS" starttime="20230223 15:04:49.551" endtime="20230223 15:04:51.687"/>
</kw>
<tag>ALL_TC</tag>
<tag>Regression</tag>
<status status="PASS" starttime="20230223 15:04:46.652" endtime="20230223 15:04:51.688"/>
</test>
<test id="s1-s1-s1-t2" name="TC_001_2 test case with setup and teardown">
<kw name="Open browser and maximize window" library="Resource1" type="SETUP">
<kw name="Open Browser" library="SeleniumLibrary">
<arg>${URL}</arg>
<arg>${Browser}</arg>
<doc>Opens a new browser instance to the optional ``url``.</doc>
<msg timestamp="20230223 15:04:51.692" level="INFO">Opening browser 'Chrome' to base url 'http://www.thetestingworld.com/testings'.</msg>
<status status="PASS" starttime="20230223 15:04:51.692" endtime="20230223 15:04:54.144"/>
</kw>
<kw name="Maximize Browser Window" library="SeleniumLibrary">
<doc>Maximizes current browser window.</doc>
<status status="PASS" starttime="20230223 15:04:54.144" endtime="20230223 15:04:54.267"/>
</kw>
<status status="PASS" starttime="20230223 15:04:51.691" endtime="20230223 15:04:54.268"/>
</kw>
<kw name="Select Radio Button" library="SeleniumLibrary">
<arg>add_type</arg>
<arg>office</arg>
<doc>Sets the radio button group ``group_name`` to ``value``.</doc>
<msg timestamp="20230223 15:04:54.268" level="INFO">Selecting 'office' from radio button 'add_type'.</msg>
<status status="PASS" starttime="20230223 15:04:54.268" endtime="20230223 15:04:54.335"/>
</kw>
<kw name="Close browser window" library="Resource1" type="TEARDOWN">
<kw name="Get Title" library="SeleniumLibrary">
<var>${Title}</var>
<doc>Returns the title of the current page.</doc>
<msg timestamp="20230223 15:04:54.340" level="INFO">${Title} = Login &amp; Sign Up Forms</msg>
<status status="PASS" starttime="20230223 15:04:54.335" endtime="20230223 15:04:54.340"/>
</kw>
<kw name="Log" library="BuiltIn">
<arg>${Title}</arg>
<doc>Logs the given message with the given level.</doc>
<msg timestamp="20230223 15:04:54.341" level="INFO">Login &amp; Sign Up Forms</msg>
<status status="PASS" starttime="20230223 15:04:54.341" endtime="20230223 15:04:54.341"/>
</kw>
<kw name="Close Browser" library="SeleniumLibrary">
<doc>Closes the current browser.</doc>
<status status="PASS" starttime="20230223 15:04:54.341" endtime="20230223 15:04:56.478"/>
</kw>
<status status="PASS" starttime="20230223 15:04:54.335" endtime="20230223 15:04:56.479"/>
</kw>
<tag>ALL_TC</tag>
<tag>Sanity</tag>
<status status="PASS" starttime="20230223 15:04:51.691" endtime="20230223 15:04:56.479"/>
</test>
<doc>this file is for learninig robot framework</doc>
<status status="PASS" starttime="20230223 15:04:46.319" endtime="20230223 15:04:56.481"/>
</suite>
<suite id="s1-s1-s2" name="TC 002" source="C:\Users\AdamRadziak\PycharmProjects\RobotFrameworkLearn\TestCases\LoginTC\TC_002.robot">
<test id="s1-s1-s2-t1" name="TC_002_1 test case with setup and teardown">
<kw name="Open browser and maximize window" library="Resource1" type="SETUP">
<kw name="Open Browser" library="SeleniumLibrary">
<arg>${URL}</arg>
<arg>${Browser}</arg>
<doc>Opens a new browser instance to the optional ``url``.</doc>
<msg timestamp="20230223 15:04:56.496" level="INFO">Opening browser 'Chrome' to base url 'http://www.thetestingworld.com/testings'.</msg>
<status status="PASS" starttime="20230223 15:04:56.495" endtime="20230223 15:04:58.731"/>
</kw>
<kw name="Maximize Browser Window" library="SeleniumLibrary">
<doc>Maximizes current browser window.</doc>
<status status="PASS" starttime="20230223 15:04:58.731" endtime="20230223 15:04:58.852"/>
</kw>
<status status="PASS" starttime="20230223 15:04:56.495" endtime="20230223 15:04:58.852"/>
</kw>
<kw name="Enter Userdata" library="Resource1">
<arg>Adam</arg>
<arg>adam.radziak@gmail.com</arg>
<arg>costam</arg>
<kw name="Input Text" library="SeleniumLibrary">
<arg>name:fld_username</arg>
<arg>${username}</arg>
<doc>Types the given ``text`` into the text field identified by ``locator``.</doc>
<msg timestamp="20230223 15:04:58.857" level="INFO">Typing text 'Adam' into text field 'name:fld_username'.</msg>
<status status="PASS" starttime="20230223 15:04:58.855" endtime="20230223 15:04:58.961"/>
</kw>
<kw name="Input Text" library="SeleniumLibrary">
<arg>name:fld_email</arg>
<arg>${email}</arg>
<doc>Types the given ``text`` into the text field identified by ``locator``.</doc>
<msg timestamp="20230223 15:04:58.962" level="INFO">Typing text 'adam.radziak@gmail.com' into text field 'name:fld_email'.</msg>
<status status="PASS" starttime="20230223 15:04:58.961" endtime="20230223 15:04:59.050"/>
</kw>
<kw name="Input Text" library="SeleniumLibrary">
<arg>name:fld_password</arg>
<arg>${password}</arg>
<doc>Types the given ``text`` into the text field identified by ``locator``.</doc>
<msg timestamp="20230223 15:04:59.051" level="INFO">Typing text 'costam' into text field 'name:fld_password'.</msg>
<status status="PASS" starttime="20230223 15:04:59.050" endtime="20230223 15:04:59.133"/>
</kw>
<status status="PASS" starttime="20230223 15:04:58.854" endtime="20230223 15:04:59.133"/>
</kw>
<kw name="Close browser window" library="Resource1" type="TEARDOWN">
<kw name="Get Title" library="SeleniumLibrary">
<var>${Title}</var>
<doc>Returns the title of the current page.</doc>
<msg timestamp="20230223 15:04:59.139" level="INFO">${Title} = Login &amp; Sign Up Forms</msg>
<status status="PASS" starttime="20230223 15:04:59.134" endtime="20230223 15:04:59.139"/>
</kw>
<kw name="Log" library="BuiltIn">
<arg>${Title}</arg>
<doc>Logs the given message with the given level.</doc>
<msg timestamp="20230223 15:04:59.139" level="INFO">Login &amp; Sign Up Forms</msg>
<status status="PASS" starttime="20230223 15:04:59.139" endtime="20230223 15:04:59.139"/>
</kw>
<kw name="Close Browser" library="SeleniumLibrary">
<doc>Closes the current browser.</doc>
<status status="PASS" starttime="20230223 15:04:59.139" endtime="20230223 15:05:01.291"/>
</kw>
<status status="PASS" starttime="20230223 15:04:59.134" endtime="20230223 15:05:01.291"/>
</kw>
<tag>Smoke</tag>
<status status="PASS" starttime="20230223 15:04:56.494" endtime="20230223 15:05:01.292"/>
</test>
<test id="s1-s1-s2-t2" name="TC_002_2 test case with setup and teardown">
<kw name="Open browser and maximize window" library="Resource1" type="SETUP">
<kw name="Open Browser" library="SeleniumLibrary">
<arg>${URL}</arg>
<arg>${Browser}</arg>
<doc>Opens a new browser instance to the optional ``url``.</doc>
<msg timestamp="20230223 15:05:01.296" level="INFO">Opening browser 'Chrome' to base url 'http://www.thetestingworld.com/testings'.</msg>
<status status="PASS" starttime="20230223 15:05:01.295" endtime="20230223 15:05:03.484"/>
</kw>
<kw name="Maximize Browser Window" library="SeleniumLibrary">
<doc>Maximizes current browser window.</doc>
<status status="PASS" starttime="20230223 15:05:03.485" endtime="20230223 15:05:03.605"/>
</kw>
<status status="PASS" starttime="20230223 15:05:01.295" endtime="20230223 15:05:03.605"/>
</kw>
<kw name="Select Radio Button" library="SeleniumLibrary">
<arg>add_type</arg>
<arg>office</arg>
<doc>Sets the radio button group ``group_name`` to ``value``.</doc>
<msg timestamp="20230223 15:05:03.606" level="INFO">Selecting 'office' from radio button 'add_type'.</msg>
<status status="PASS" starttime="20230223 15:05:03.605" endtime="20230223 15:05:03.674"/>
</kw>
<kw name="Close browser window" library="Resource1" type="TEARDOWN">
<kw name="Get Title" library="SeleniumLibrary">
<var>${Title}</var>
<doc>Returns the title of the current page.</doc>
<msg timestamp="20230223 15:05:03.680" level="INFO">${Title} = Login &amp; Sign Up Forms</msg>
<status status="PASS" starttime="20230223 15:05:03.675" endtime="20230223 15:05:03.680"/>
</kw>
<kw name="Log" library="BuiltIn">
<arg>${Title}</arg>
<doc>Logs the given message with the given level.</doc>
<msg timestamp="20230223 15:05:03.681" level="INFO">Login &amp; Sign Up Forms</msg>
<status status="PASS" starttime="20230223 15:05:03.680" endtime="20230223 15:05:03.681"/>
</kw>
<kw name="Close Browser" library="SeleniumLibrary">
<doc>Closes the current browser.</doc>
<status status="PASS" starttime="20230223 15:05:03.681" endtime="20230223 15:05:05.822"/>
</kw>
<status status="PASS" starttime="20230223 15:05:03.675" endtime="20230223 15:05:05.823"/>
</kw>
<tag>Sanity</tag>
<tag>Smoke</tag>
<status status="PASS" starttime="20230223 15:05:01.294" endtime="20230223 15:05:05.824"/>
</test>
<doc>this file is for learninig robot framework</doc>
<status status="PASS" starttime="20230223 15:04:56.485" endtime="20230223 15:05:05.828"/>
</suite>
<kw name="After each test suite" type="TEARDOWN">
<kw name="Log" library="BuiltIn">
<arg>Test suite ended</arg>
<doc>Logs the given message with the given level.</doc>
<msg timestamp="20230223 15:05:05.834" level="INFO">Test suite ended</msg>
<status status="PASS" starttime="20230223 15:05:05.833" endtime="20230223 15:05:05.834"/>
</kw>
<status status="PASS" starttime="20230223 15:05:05.833" endtime="20230223 15:05:05.834"/>
</kw>
<status status="PASS" starttime="20230223 15:04:46.315" endtime="20230223 15:05:05.834"/>
</suite>
<suite id="s1-s2" name="Registration TC" source="C:\Users\AdamRadziak\PycharmProjects\RobotFrameworkLearn\TestCases\Registration_TC">
<suite id="s1-s2-s1" name="TC 003" source="C:\Users\AdamRadziak\PycharmProjects\RobotFrameworkLearn\TestCases\Registration_TC\TC_003.robot">
<test id="s1-s2-s1-t1" name="TC_003_1 test case with setup and teardown">
<kw name="Open browser and maximize window" library="Resource1" type="SETUP">
<kw name="Open Browser" library="SeleniumLibrary">
<arg>${URL}</arg>
<arg>${Browser}</arg>
<doc>Opens a new browser instance to the optional ``url``.</doc>
<msg timestamp="20230223 15:05:05.857" level="INFO">Opening browser 'Chrome' to base url 'http://www.thetestingworld.com/testings'.</msg>
<status status="PASS" starttime="20230223 15:05:05.856" endtime="20230223 15:05:08.036"/>
</kw>
<kw name="Maximize Browser Window" library="SeleniumLibrary">
<doc>Maximizes current browser window.</doc>
<status status="PASS" starttime="20230223 15:05:08.036" endtime="20230223 15:05:08.148"/>
</kw>
<status status="PASS" starttime="20230223 15:05:05.856" endtime="20230223 15:05:08.149"/>
</kw>
<kw name="Enter Userdata" library="Resource1">
<arg>Adam</arg>
<arg>adam.radziak@gmail.com</arg>
<arg>costam</arg>
<kw name="Input Text" library="SeleniumLibrary">
<arg>name:fld_username</arg>
<arg>${username}</arg>
<doc>Types the given ``text`` into the text field identified by ``locator``.</doc>
<msg timestamp="20230223 15:05:08.150" level="INFO">Typing text 'Adam' into text field 'name:fld_username'.</msg>
<status status="PASS" starttime="20230223 15:05:08.150" endtime="20230223 15:05:08.252"/>
</kw>
<kw name="Input Text" library="SeleniumLibrary">
<arg>name:fld_email</arg>
<arg>${email}</arg>
<doc>Types the given ``text`` into the text field identified by ``locator``.</doc>
<msg timestamp="20230223 15:05:08.252" level="INFO">Typing text 'adam.radziak@gmail.com' into text field 'name:fld_email'.</msg>
<status status="PASS" starttime="20230223 15:05:08.252" endtime="20230223 15:05:08.345"/>
</kw>
<kw name="Input Text" library="SeleniumLibrary">
<arg>name:fld_password</arg>
<arg>${password}</arg>
<doc>Types the given ``text`` into the text field identified by ``locator``.</doc>
<msg timestamp="20230223 15:05:08.345" level="INFO">Typing text 'costam' into text field 'name:fld_password'.</msg>
<status status="PASS" starttime="20230223 15:05:08.345" endtime="20230223 15:05:08.430"/>
</kw>
<status status="PASS" starttime="20230223 15:05:08.150" endtime="20230223 15:05:08.430"/>
</kw>
<kw name="Close browser window" library="Resource1" type="TEARDOWN">
<kw name="Get Title" library="SeleniumLibrary">
<var>${Title}</var>
<doc>Returns the title of the current page.</doc>
<msg timestamp="20230223 15:05:08.435" level="INFO">${Title} = Login &amp; Sign Up Forms</msg>
<status status="PASS" starttime="20230223 15:05:08.431" endtime="20230223 15:05:08.435"/>
</kw>
<kw name="Log" library="BuiltIn">
<arg>${Title}</arg>
<doc>Logs the given message with the given level.</doc>
<msg timestamp="20230223 15:05:08.435" level="INFO">Login &amp; Sign Up Forms</msg>
<status status="PASS" starttime="20230223 15:05:08.435" endtime="20230223 15:05:08.436"/>
</kw>
<kw name="Close Browser" library="SeleniumLibrary">
<doc>Closes the current browser.</doc>
<status status="PASS" starttime="20230223 15:05:08.436" endtime="20230223 15:05:10.571"/>
</kw>
<status status="PASS" starttime="20230223 15:05:08.430" endtime="20230223 15:05:10.571"/>
</kw>
<doc>this test case case is to check registration functionality of aplication</doc>
<tag>DFLT</tag>
<status status="PASS" starttime="20230223 15:05:05.855" endtime="20230223 15:05:10.572"/>
</test>
<test id="s1-s2-s1-t2" name="TC_003_2 test case with setup and teardown">
<kw name="Open browser and maximize window" library="Resource1" type="SETUP">
<kw name="Open Browser" library="SeleniumLibrary">
<arg>${URL}</arg>
<arg>${Browser}</arg>
<doc>Opens a new browser instance to the optional ``url``.</doc>
<msg timestamp="20230223 15:05:10.578" level="INFO">Opening browser 'Chrome' to base url 'http://www.thetestingworld.com/testings'.</msg>
<status status="PASS" starttime="20230223 15:05:10.577" endtime="20230223 15:05:12.801"/>
</kw>
<kw name="Maximize Browser Window" library="SeleniumLibrary">
<doc>Maximizes current browser window.</doc>
<status status="PASS" starttime="20230223 15:05:12.801" endtime="20230223 15:05:12.921"/>
</kw>
<status status="PASS" starttime="20230223 15:05:10.576" endtime="20230223 15:05:12.921"/>
</kw>
<kw name="Select Radio Button" library="SeleniumLibrary">
<arg>add_type</arg>
<arg>office</arg>
<doc>Sets the radio button group ``group_name`` to ``value``.</doc>
<msg timestamp="20230223 15:05:12.922" level="INFO">Selecting 'office' from radio button 'add_type'.</msg>
<status status="PASS" starttime="20230223 15:05:12.922" endtime="20230223 15:05:12.988"/>
</kw>
<kw name="Close browser window" library="Resource1" type="TEARDOWN">
<kw name="Get Title" library="SeleniumLibrary">
<var>${Title}</var>
<doc>Returns the title of the current page.</doc>
<msg timestamp="20230223 15:05:12.993" level="INFO">${Title} = Login &amp; Sign Up Forms</msg>
<status status="PASS" starttime="20230223 15:05:12.989" endtime="20230223 15:05:12.993"/>
</kw>
<kw name="Log" library="BuiltIn">
<arg>${Title}</arg>
<doc>Logs the given message with the given level.</doc>
<msg timestamp="20230223 15:05:12.994" level="INFO">Login &amp; Sign Up Forms</msg>
<status status="PASS" starttime="20230223 15:05:12.993" endtime="20230223 15:05:12.994"/>
</kw>
<kw name="Close Browser" library="SeleniumLibrary">
<doc>Closes the current browser.</doc>
<status status="PASS" starttime="20230223 15:05:12.994" endtime="20230223 15:05:15.117"/>
</kw>
<status status="PASS" starttime="20230223 15:05:12.988" endtime="20230223 15:05:15.118"/>
</kw>
<doc>this test case case is to check registration functionality of aplication</doc>
<tag>DFLT</tag>
<status status="PASS" starttime="20230223 15:05:10.575" endtime="20230223 15:05:15.119"/>
</test>
<doc>this file is for learninig robot framework</doc>
<status status="PASS" starttime="20230223 15:05:05.844" endtime="20230223 15:05:15.122"/>
</suite>
<status status="PASS" starttime="20230223 15:05:05.839" endtime="20230223 15:05:15.126"/>
</suite>
<kw name="After each test suite" type="TEARDOWN">
<kw name="Log" library="BuiltIn">
<arg>Test suite ended</arg>
<doc>Logs the given message with the given level.</doc>
<msg timestamp="20230223 15:05:15.130" level="INFO">Test suite ended</msg>
<status status="PASS" starttime="20230223 15:05:15.130" endtime="20230223 15:05:15.130"/>
</kw>
<status status="PASS" starttime="20230223 15:05:15.129" endtime="20230223 15:05:15.130"/>
</kw>
<status status="PASS" starttime="20230223 15:04:46.291" endtime="20230223 15:05:15.130"/>
</suite>
<statistics>
<total>
<stat pass="6" fail="0" skip="0">All Tests</stat>
</total>
<tag>
<stat pass="2" fail="0" skip="0">ALL_TC</stat>
<stat pass="2" fail="0" skip="0">DFLT</stat>
<stat pass="1" fail="0" skip="0">Regression</stat>
<stat pass="2" fail="0" skip="0">Sanity</stat>
<stat pass="2" fail="0" skip="0">Smoke</stat>
</tag>
<suite>
<stat pass="6" fail="0" skip="0" id="s1" name="TestCases">TestCases</stat>
<stat pass="4" fail="0" skip="0" id="s1-s1" name="LoginTC">TestCases.LoginTC</stat>
<stat pass="2" fail="0" skip="0" id="s1-s1-s1" name="TC 001">TestCases.LoginTC.TC 001</stat>
<stat pass="2" fail="0" skip="0" id="s1-s1-s2" name="TC 002">TestCases.LoginTC.TC 002</stat>
<stat pass="2" fail="0" skip="0" id="s1-s2" name="Registration TC">TestCases.Registration TC</stat>
<stat pass="2" fail="0" skip="0" id="s1-s2-s1" name="TC 003">TestCases.Registration TC.TC 003</stat>
</suite>
</statistics>
<errors>
</errors>
</robot>
